<?xml version="1.0" encoding="UTF-8"?>
<!-- Generated by org.testng.reporters.JUnitXMLReporter -->
<testsuite ignored="0" hostname="LAPTOP-58KVVUOH" failures="0" tests="3" name="ChromeTest" time="9.699" errors="0" timestamp="2022-05-11T18:43:42 IST">
  <testcase classname="com.RediffMail.TestMain" name="verifyTitle" time="0.115"/>
  <testcase classname="com.RediffMail.TestMain" name="displayCurrentURL" time="0.026"/>
  <testcase classname="com.RediffMail.TestMain" name="searchProduct" time="4.408"/>
</testsuite> <!-- ChromeTest -->
