<?xml version="1.0" encoding="UTF-8"?>
<!-- Generated by org.testng.reporters.JUnitXMLReporter -->
<testsuite ignored="1" hostname="LAPTOP-58KVVUOH" failures="0" tests="2" name="FirefoxTest" time="12.731" errors="0" timestamp="2022-05-11T18:25:16 IST">
  <testcase classname="com.RediffMail.TestMain" name="displayCurrentURL" time="0.011"/>
  <testcase classname="com.RediffMail.TestMain" name="searchProduct" time="5.142"/>
  <testcase classname="com.RediffMail.TestMain" name="verifyTitle" time="0.0">
    <ignored/>
  </testcase> <!-- verifyTitle -->
</testsuite> <!-- FirefoxTest -->
