<?xml version="1.0" encoding="UTF-8"?>
<!-- Generated by org.testng.reporters.JUnitXMLReporter -->
<testsuite ignored="0" hostname="LAPTOP-58KVVUOH" failures="0" tests="3" name="ChromeTest" time="8.654" errors="0" timestamp="2022-05-30T13:31:04 IST">
  <testcase classname="com.RediffMail.TestMain" name="verifyTitle" time="0.059"/>
  <testcase classname="com.RediffMail.TestMain" name="displayCurrentURL" time="0.091"/>
  <testcase classname="com.RediffMail.TestMain" name="searchProduct" time="4.107"/>
</testsuite> <!-- ChromeTest -->
