<?xml version="1.0" encoding="UTF-8"?>
<!-- Generated by org.testng.reporters.JUnitXMLReporter -->
<testsuite ignored="0" hostname="LAPTOP-58KVVUOH" failures="0" tests="3" name="FireTest" time="9.706" errors="0" timestamp="2022-05-30T13:31:14 IST">
  <testcase classname="com.RediffMail.TestMain" name="verifyTitle" time="0.014"/>
  <testcase classname="com.RediffMail.TestMain" name="displayCurrentURL" time="0.015"/>
  <testcase classname="com.RediffMail.TestMain" name="searchProduct" time="3.102"/>
</testsuite> <!-- FireTest -->
