<?xml version="1.0" encoding="UTF-8"?>
<!-- Generated by org.testng.reporters.JUnitXMLReporter -->
<testsuite ignored="0" hostname="LAPTOP-58KVVUOH" failures="0" tests="3" name="ChromeTest" time="10.589" errors="0" timestamp="2022-05-11T18:46:53 IST">
  <testcase classname="com.RediffMail.TestMain" name="verifyTitle" time="0.198"/>
  <testcase classname="com.RediffMail.TestMain" name="displayCurrentURL" time="0.012"/>
  <testcase classname="com.RediffMail.TestMain" name="searchProduct" time="4.81"/>
</testsuite> <!-- ChromeTest -->
