<?xml version="1.0" encoding="UTF-8"?>
<!-- Generated by org.testng.reporters.JUnitXMLReporter -->
<testsuite ignored="0" hostname="LAPTOP-58KVVUOH" failures="0" tests="3" name="FireTest" time="10.23" errors="0" timestamp="2022-05-11T18:47:04 IST">
  <testcase classname="com.RediffMail.TestMain" name="verifyTitle" time="0.015"/>
  <testcase classname="com.RediffMail.TestMain" name="displayCurrentURL" time="0.025"/>
  <testcase classname="com.RediffMail.TestMain" name="searchProduct" time="3.972"/>
</testsuite> <!-- FireTest -->
