<?xml version="1.0" encoding="UTF-8"?>
<testng-results ignored="0" total="2" passed="2" failed="0" skipped="0">
  <reporter-output>
  </reporter-output>
  <suite started-at="2022-05-30T14:42:57 IST" name="Default suite" finished-at="2022-05-30T14:43:18 IST" duration-ms="21799">
    <groups>
    </groups>
    <test started-at="2022-05-30T14:42:57 IST" name="Default test" finished-at="2022-05-30T14:43:18 IST" duration-ms="21799">
      <class name="com.RediffMail.TestClass">
        <test-method is-config="true" signature="driverSetUp()[pri:0, instance:com.RediffMail.TestClass@56cdfb3b]" started-at="2022-05-30T14:42:57 IST" name="driverSetUp" finished-at="2022-05-30T14:43:04 IST" duration-ms="7109" status="PASS">
          <reporter-output>
          </reporter-output>
        </test-method> <!-- driverSetUp -->
        <test-method signature="testHomePage()[pri:0, instance:com.RediffMail.TestClass@56cdfb3b]" started-at="2022-05-30T14:43:04 IST" name="testHomePage" finished-at="2022-05-30T14:43:05 IST" duration-ms="1531" status="PASS">
          <reporter-output>
          </reporter-output>
        </test-method> <!-- testHomePage -->
        <test-method signature="testLoginPage()[pri:1, instance:com.RediffMail.TestClass@56cdfb3b]" started-at="2022-05-30T14:43:05 IST" name="testLoginPage" finished-at="2022-05-30T14:43:18 IST" duration-ms="13109" status="PASS">
          <reporter-output>
          </reporter-output>
        </test-method> <!-- testLoginPage -->
        <test-method is-config="true" signature="closeBrowser()[pri:0, instance:com.RediffMail.TestClass@56cdfb3b]" started-at="2022-05-30T14:43:18 IST" name="closeBrowser" finished-at="2022-05-30T14:43:18 IST" duration-ms="0" status="PASS">
          <reporter-output>
          </reporter-output>
        </test-method> <!-- closeBrowser -->
      </class> <!-- com.RediffMail.TestClass -->
    </test> <!-- Default test -->
  </suite> <!-- Default suite -->
</testng-results>
